basic:  PASS rgb8, db, z16, s8, accrgba16, win+pmap, id 34

blendFunc:  FAIL rgb8, db, z16, s8, accrgba16, win+pmap, id 34
	source factor = GL_ZERO, dest factor = GL_ONE
	Readback had 0.0056684 bits in error; blending had 1.00565 bits in error.
blendFunc:  FAIL rgb8, db, z16, s8, accrgba16, win+pmap, id 34
	source factor = GL_ZERO, dest factor = GL_SRC_COLOR
	Readback had 0.0056684 bits in error; blending had 1.23046 bits in error.
blendFunc:  FAIL rgb8, db, z16, s8, accrgba16, win+pmap, id 34
	source factor = GL_ZERO, dest factor = GL_ONE_MINUS_SRC_COLOR
	Readback had 0.0056684 bits in error; blending had 1.03088 bits in error.
blendFunc:  FAIL rgb8, db, z16, s8, accrgba16, win+pmap, id 34
	source factor = GL_ZERO, dest factor = GL_SRC_ALPHA
	Readback had 0.0056684 bits in error; blending had 1.00924 bits in error.
blendFunc:  FAIL rgb8, db, z16, s8, accrgba16, win+pmap, id 34
	source factor = GL_ZERO, dest factor = GL_ONE_MINUS_SRC_ALPHA
	Readback had 0.0056684 bits in error; blending had 1.11658 bits in error.
blendFunc:  FAIL rgb8, db, z16, s8, accrgba16, win+pmap, id 34
	source factor = GL_ONE, dest factor = GL_ONE
	Readback had 0.0056684 bits in error; blending had 1.00565 bits in error.
blendFunc:  FAIL rgb8, db, z16, s8, accrgba16, win+pmap, id 34
	source factor = GL_ONE, dest factor = GL_SRC_COLOR
	Readback had 0.0056684 bits in error; blending had 1.25447 bits in error.
blendFunc:  FAIL rgb8, db, z16, s8, accrgba16, win+pmap, id 34
	source factor = GL_ONE, dest factor = GL_ONE_MINUS_SRC_COLOR
	Readback had 0.0056684 bits in error; blending had 1.43125 bits in error.
blendFunc:  FAIL rgb8, db, z16, s8, accrgba16, win+pmap, id 34
	source factor = GL_ONE, dest factor = GL_SRC_ALPHA
	Readback had 0.0056684 bits in error; blending had 1.24786 bits in error.
blendFunc:  FAIL rgb8, db, z16, s8, accrgba16, win+pmap, id 34
	source factor = GL_ONE, dest factor = GL_ONE_MINUS_SRC_ALPHA
	Readback had 0.0056684 bits in error; blending had 1.06484 bits in error.
blendFunc:  FAIL rgb8, db, z16, s8, accrgba16, win+pmap, id 34
	source factor = GL_DST_COLOR, dest factor = GL_ZERO
	Readback had 0.0056684 bits in error; blending had 1.23046 bits in error.
blendFunc:  FAIL rgb8, db, z16, s8, accrgba16, win+pmap, id 34
	source factor = GL_DST_COLOR, dest factor = GL_ONE
	Readback had 0.0056684 bits in error; blending had 1.57925 bits in error.
blendFunc:  FAIL rgb8, db, z16, s8, accrgba16, win+pmap, id 34
	source factor = GL_DST_COLOR, dest factor = GL_SRC_COLOR
	Readback had 0.0056684 bits in error; blending had 1.16864 bits in error.
blendFunc:  FAIL rgb8, db, z16, s8, accrgba16, win+pmap, id 34
	source factor = GL_DST_COLOR, dest factor = GL_ONE_MINUS_SRC_COLOR
	Readback had 0.0056684 bits in error; blending had 1.00565 bits in error.
blendFunc:  FAIL rgb8, db, z16, s8, accrgba16, win+pmap, id 34
	source factor = GL_DST_COLOR, dest factor = GL_SRC_ALPHA
	Readback had 0.0056684 bits in error; blending had 1.01998 bits in error.
blendFunc:  FAIL rgb8, db, z16, s8, accrgba16, win+pmap, id 34
	source factor = GL_DST_COLOR, dest factor = GL_ONE_MINUS_SRC_ALPHA
	Readback had 0.0056684 bits in error; blending had 1.48045 bits in error.
blendFunc:  FAIL rgb8, db, z16, s8, accrgba16, win+pmap, id 34
	source factor = GL_ONE_MINUS_DST_COLOR, dest factor = GL_ZERO
	Readback had 0.0056684 bits in error; blending had 1.03088 bits in error.
blendFunc:  FAIL rgb8, db, z16, s8, accrgba16, win+pmap, id 34
	source factor = GL_ONE_MINUS_DST_COLOR, dest factor = GL_ONE
	Readback had 0.0056684 bits in error; blending had 1.43125 bits in error.
blendFunc:  FAIL rgb8, db, z16, s8, accrgba16, win+pmap, id 34
	source factor = GL_ONE_MINUS_DST_COLOR, dest factor = GL_ONE_MINUS_SRC_COLOR
	Readback had 0.0056684 bits in error; blending had 1.62416 bits in error.
blendFunc:  FAIL rgb8, db, z16, s8, accrgba16, win+pmap, id 34
	source factor = GL_ONE_MINUS_DST_COLOR, dest factor = GL_SRC_ALPHA
	Readback had 0.0056684 bits in error; blending had 1.07327 bits in error.
blendFunc:  FAIL rgb8, db, z16, s8, accrgba16, win+pmap, id 34
	source factor = GL_ONE_MINUS_DST_COLOR, dest factor = GL_ONE_MINUS_SRC_ALPHA
	Readback had 0.0056684 bits in error; blending had 1.01996 bits in error.
blendFunc:  FAIL rgb8, db, z16, s8, accrgba16, win+pmap, id 34
	source factor = GL_SRC_ALPHA, dest factor = GL_ONE
	Readback had 0.0056684 bits in error; blending had 1.37958 bits in error.
blendFunc:  FAIL rgb8, db, z16, s8, accrgba16, win+pmap, id 34
	source factor = GL_SRC_ALPHA, dest factor = GL_SRC_COLOR
	Readback had 0.0056684 bits in error; blending had 1.29608 bits in error.
blendFunc:  FAIL rgb8, db, z16, s8, accrgba16, win+pmap, id 34
	source factor = GL_SRC_ALPHA, dest factor = GL_ONE_MINUS_SRC_COLOR
	Readback had 0.0056684 bits in error; blending had 1.15782 bits in error.
blendFunc:  FAIL rgb8, db, z16, s8, accrgba16, win+pmap, id 34
	source factor = GL_SRC_ALPHA, dest factor = GL_SRC_ALPHA
	Readback had 0.0056684 bits in error; blending had 1.11256 bits in error.
blendFunc:  FAIL rgb8, db, z16, s8, accrgba16, win+pmap, id 34
	source factor = GL_SRC_ALPHA, dest factor = GL_ONE_MINUS_SRC_ALPHA
	Readback had 0.0056684 bits in error; blending had 1.61887 bits in error.
blendFunc:  FAIL rgb8, db, z16, s8, accrgba16, win+pmap, id 34
	source factor = GL_ONE_MINUS_SRC_ALPHA, dest factor = GL_ZERO
	Readback had 0.0056684 bits in error; blending had 1.00855 bits in error.
blendFunc:  FAIL rgb8, db, z16, s8, accrgba16, win+pmap, id 34
	source factor = GL_ONE_MINUS_SRC_ALPHA, dest factor = GL_ONE
	Readback had 0.0056684 bits in error; blending had 1.46837 bits in error.
blendFunc:  FAIL rgb8, db, z16, s8, accrgba16, win+pmap, id 34
	source factor = GL_ONE_MINUS_SRC_ALPHA, dest factor = GL_SRC_COLOR
	Readback had 0.0056684 bits in error; blending had 1.04586 bits in error.
blendFunc:  FAIL rgb8, db, z16, s8, accrgba16, win+pmap, id 34
	source factor = GL_ONE_MINUS_SRC_ALPHA, dest factor = GL_ONE_MINUS_SRC_COLOR
	Readback had 0.0056684 bits in error; blending had 1.28007 bits in error.
blendFunc:  FAIL rgb8, db, z16, s8, accrgba16, win+pmap, id 34
	source factor = GL_ONE_MINUS_SRC_ALPHA, dest factor = GL_SRC_ALPHA
	Readback had 0.0056684 bits in error; blending had 1.31629 bits in error.
blendFunc:  FAIL rgb8, db, z16, s8, accrgba16, win+pmap, id 34
	source factor = GL_ONE_MINUS_SRC_ALPHA, dest factor = GL_ONE_MINUS_SRC_ALPHA
	Readback had 0.0056684 bits in error; blending had 1.08125 bits in error.

texBindPerf:  PASS rgb8, db, z16, s8, accrgba16, win+pmap, id 34
	Approximate texture binding time = 14.8095 microseconds.
	Range of valid measurements = [14.0549, 15.2838]

getString:  PASS rgb8, db, z16, s8, accrgba16, win+pmap, id 34

rgbTriStrip:  NOTE rgb8, db, z16, s8, accrgba16, win+pmap, id 34
	Image number 1

